[debug] [2026-02-01T17:56:29.722Z] ----------------------------------------------------------------------
[debug] [2026-02-01T17:56:29.723Z] Command:       /home/odesha/.nvm/versions/node/v20.20.0/bin/node /home/odesha/.nvm/versions/node/v20.20.0/bin/firebase init
[debug] [2026-02-01T17:56:29.723Z] CLI Version:   15.5.1
[debug] [2026-02-01T17:56:29.723Z] Platform:      linux
[debug] [2026-02-01T17:56:29.723Z] Node Version:  v20.20.0
[debug] [2026-02-01T17:56:29.723Z] Time:          Sun Feb 01 2026 18:56:29 GMT+0100 (Central European Standard Time)
[debug] [2026-02-01T17:56:29.723Z] ----------------------------------------------------------------------
[debug] 
[info] 
     ######## #### ########  ######## ########     ###     ######  ########
     ##        ##  ##     ## ##       ##     ##  ##   ##  ##       ##
     ######    ##  ########  ######   ########  #########  ######  ######
     ##        ##  ##    ##  ##       ##     ## ##     ##       ## ##
     ##       #### ##     ## ######## ########  ##     ##  ######  ########

You're about to initialize a Firebase project in this directory:

  /home/odesha/sheetmates

Before we get started, keep in mind:

  * You are initializing within an existing Firebase project directory

[info] 
=== Project Setup
[info] 
[info] First, let's associate this project directory with a Firebase project.
[info] You can create multiple project aliases by running firebase use --add, 
[info] 
[debug] [2026-02-01T17:57:29.953Z] > command requires scopes: ["email","openid","https://www.googleapis.com/auth/cloudplatformprojects.readonly","https://www.googleapis.com/auth/firebase","https://www.googleapis.com/auth/cloud-platform"]
[debug] [2026-02-01T17:57:29.953Z] > authorizing via signed-in user (osrdevos@gmail.com)
[debug] [2026-02-01T17:57:29.953Z] Checked if tokens are valid: false, expires at: 1769947287219
[debug] [2026-02-01T17:57:29.953Z] Checked if tokens are valid: false, expires at: 1769947287219
[debug] [2026-02-01T17:57:29.954Z] > refreshing access token with scopes: []
[debug] [2026-02-01T17:57:29.955Z] >>> [apiv2][query] POST https://www.googleapis.com/oauth2/v3/token [none]
[debug] [2026-02-01T17:57:29.955Z] >>> [apiv2][body] POST https://www.googleapis.com/oauth2/v3/token [omitted]
[debug] [2026-02-01T17:57:30.277Z] <<< [apiv2][status] POST https://www.googleapis.com/oauth2/v3/token 200
[debug] [2026-02-01T17:57:30.277Z] <<< [apiv2][body] POST https://www.googleapis.com/oauth2/v3/token [omitted]
[debug] [2026-02-01T17:57:30.280Z] >>> [apiv2][query] GET https://firebase.googleapis.com/v1beta1/projects pageSize=100
[debug] [2026-02-01T17:57:31.133Z] <<< [apiv2][status] GET https://firebase.googleapis.com/v1beta1/projects 200
[debug] [2026-02-01T17:57:31.134Z] <<< [apiv2][body] GET https://firebase.googleapis.com/v1beta1/projects [omitted]
[info] 
=== Firestore Setup
[info] i  firestore: ensuring required API firestore.googleapis.com is enabled... 
[debug] [2026-02-01T17:57:36.232Z] Checked if tokens are valid: true, expires at: 1769972249277
[debug] [2026-02-01T17:57:36.232Z] Checked if tokens are valid: true, expires at: 1769972249277
[debug] [2026-02-01T17:57:36.232Z] >>> [apiv2][query] GET https://serviceusage.googleapis.com/v1/projects/sheetmates/services/firestore.googleapis.com [none]
[debug] [2026-02-01T17:57:36.232Z] >>> [apiv2][(partial)header] GET https://serviceusage.googleapis.com/v1/projects/sheetmates/services/firestore.googleapis.com  x-goog-user-project=sheetmates
[debug] [2026-02-01T17:57:37.568Z] <<< [apiv2][status] GET https://serviceusage.googleapis.com/v1/projects/sheetmates/services/firestore.googleapis.com 200
[debug] [2026-02-01T17:57:37.568Z] <<< [apiv2][body] GET https://serviceusage.googleapis.com/v1/projects/sheetmates/services/firestore.googleapis.com [omitted]
[warn] ⚠  firestore: missing required API firestore.googleapis.com. Enabling now... 
[debug] [2026-02-01T17:57:37.569Z] Checked if tokens are valid: true, expires at: 1769972249277
[debug] [2026-02-01T17:57:37.569Z] Checked if tokens are valid: true, expires at: 1769972249277
[debug] [2026-02-01T17:57:37.569Z] >>> [apiv2][query] POST https://serviceusage.googleapis.com/v1/projects/sheetmates/services/firestore.googleapis.com:enable [none]
[debug] [2026-02-01T17:57:37.569Z] >>> [apiv2][(partial)header] POST https://serviceusage.googleapis.com/v1/projects/sheetmates/services/firestore.googleapis.com:enable  x-goog-user-project=sheetmates
[debug] [2026-02-01T17:57:39.043Z] <<< [apiv2][status] POST https://serviceusage.googleapis.com/v1/projects/sheetmates/services/firestore.googleapis.com:enable 200
[debug] [2026-02-01T17:57:39.043Z] <<< [apiv2][body] POST https://serviceusage.googleapis.com/v1/projects/sheetmates/services/firestore.googleapis.com:enable [omitted]
[debug] [2026-02-01T17:57:49.051Z] Checked if tokens are valid: true, expires at: 1769972249277
[debug] [2026-02-01T17:57:49.051Z] Checked if tokens are valid: true, expires at: 1769972249277
[debug] [2026-02-01T17:57:49.051Z] >>> [apiv2][query] GET https://firestore.googleapis.com/v1/projects/sheetmates/databases [none]
[debug] [2026-02-01T17:57:49.961Z] <<< [apiv2][status] GET https://firestore.googleapis.com/v1/projects/sheetmates/databases 200
[debug] [2026-02-01T17:57:49.961Z] <<< [apiv2][body] GET https://firestore.googleapis.com/v1/projects/sheetmates/databases {}
[debug] [2026-02-01T17:57:49.961Z] Checked if tokens are valid: true, expires at: 1769972249277
[debug] [2026-02-01T17:57:49.961Z] Checked if tokens are valid: true, expires at: 1769972249277
[debug] [2026-02-01T17:57:49.962Z] >>> [apiv2][query] GET https://firestore.googleapis.com/v1/projects/sheetmates/locations [none]
[debug] [2026-02-01T17:57:50.227Z] <<< [apiv2][status] GET https://firestore.googleapis.com/v1/projects/sheetmates/locations 200
[debug] [2026-02-01T17:57:50.228Z] <<< [apiv2][body] GET https://firestore.googleapis.com/v1/projects/sheetmates/locations {"locations":[{"name":"projects/sheetmates/locations/eur3","labels":{"appengine.googleapis.com/geo":"europe-west","cloud.googleapis.com/location":"eur3","cloud.googleapis.com/geo":"eur3"},"metadata":{"@type":"type.googleapis.com/google.firestore.admin.v1.LocationMetadata"},"locationId":"eur3","displayName":"Europe"},{"name":"projects/sheetmates/locations/nam5","labels":{"appengine.googleapis.com/geo":"us-central","cloud.googleapis.com/location":"nam5","cloud.googleapis.com/geo":"nam5"},"metadata":{"@type":"type.googleapis.com/google.firestore.admin.v1.LocationMetadata"},"locationId":"nam5","displayName":"United States"},{"name":"projects/sheetmates/locations/nam7","labels":{"cloud.googleapis.com/location":"nam7","cloud.googleapis.com/geo":"nam7"},"metadata":{"@type":"type.googleapis.com/google.firestore.admin.v1.LocationMetadata"},"locationId":"nam7","displayName":"United States"},{"name":"projects/sheetmates/locations/africa-south1","labels":{"cloud.googleapis.com/location":"africa-south1","cloud.googleapis.com/region":"africa-south1"},"metadata":{"@type":"type.googleapis.com/google.firestore.admin.v1.LocationMetadata"},"locationId":"africa-south1","displayName":"Johannesburg"},{"name":"projects/sheetmates/locations/asia-east1","labels":{"appengine.googleapis.com/region":"asia-east1","cloud.googleapis.com/location":"asia-east1","cloud.googleapis.com/region":"asia-east1"},"metadata":{"@type":"type.googleapis.com/google.firestore.admin.v1.LocationMetadata"},"locationId":"asia-east1","displayName":"Taiwan"},{"name":"projects/sheetmates/locations/asia-east2","labels":{"appengine.googleapis.com/region":"asia-east2","cloud.googleapis.com/location":"asia-east2","cloud.googleapis.com/region":"asia-east2"},"metadata":{"@type":"type.googleapis.com/google.firestore.admin.v1.LocationMetadata"},"locationId":"asia-east2","displayName":"Hong Kong"},{"name":"projects/sheetmates/locations/asia-northeast1","labels":{"appengine.googleapis.com/region":"asia-northeast1","cloud.googleapis.com/location":"asia-northeast1","cloud.googleapis.com/region":"asia-northeast1"},"metadata":{"@type":"type.googleapis.com/google.firestore.admin.v1.LocationMetadata"},"locationId":"asia-northeast1","displayName":"Tokyo"},{"name":"projects/sheetmates/locations/asia-northeast2","labels":{"appengine.googleapis.com/region":"asia-northeast2","cloud.googleapis.com/location":"asia-northeast2","cloud.googleapis.com/region":"asia-northeast2"},"metadata":{"@type":"type.googleapis.com/google.firestore.admin.v1.LocationMetadata"},"locationId":"asia-northeast2","displayName":"Osaka"},{"name":"projects/sheetmates/locations/asia-northeast3","labels":{"appengine.googleapis.com/region":"asia-northeast3","cloud.googleapis.com/location":"asia-northeast3","cloud.googleapis.com/region":"asia-northeast3"},"metadata":{"@type":"type.googleapis.com/google.firestore.admin.v1.LocationMetadata"},"locationId":"asia-northeast3","displayName":"Seoul"},{"name":"projects/sheetmates/locations/asia-south1","labels":{"appengine.googleapis.com/region":"asia-south1","cloud.googleapis.com/location":"asia-south1","cloud.googleapis.com/region":"asia-south1"},"metadata":{"@type":"type.googleapis.com/google.firestore.admin.v1.LocationMetadata"},"locationId":"asia-south1","displayName":"Mumbai"},{"name":"projects/sheetmates/locations/asia-south2","labels":{"cloud.googleapis.com/location":"asia-south2","cloud.googleapis.com/region":"asia-south2"},"metadata":{"@type":"type.googleapis.com/google.firestore.admin.v1.LocationMetadata"},"locationId":"asia-south2","displayName":"Delhi"},{"name":"projects/sheetmates/locations/asia-southeast1","labels":{"appengine.googleapis.com/region":"asia-southeast1","cloud.googleapis.com/location":"asia-southeast1","cloud.googleapis.com/region":"asia-southeast1"},"metadata":{"@type":"type.googleapis.com/google.firestore.admin.v1.LocationMetadata"},"locationId":"asia-southeast1","displayName":"Singapore"},{"name":"projects/sheetmates/locations/asia-southeast2","labels":{"appengine.googleapis.com/region":"asia-southeast2","cloud.googleapis.com/location":"asia-southeast2","cloud.googleapis.com/region":"asia-southeast2"},"metadata":{"@type":"type.googleapis.com/google.firestore.admin.v1.LocationMetadata"},"locationId":"asia-southeast2","displayName":"Jakarta"},{"name":"projects/sheetmates/locations/asia-southeast3","labels":{"cloud.googleapis.com/location":"asia-southeast3","cloud.googleapis.com/region":"asia-southeast3"},"metadata":{"@type":"type.googleapis.com/google.firestore.admin.v1.LocationMetadata"},"locationId":"asia-southeast3","displayName":"Bangkok"},{"name":"projects/sheetmates/locations/australia-southeast1","labels":{"appengine.googleapis.com/region":"australia-southeast1","cloud.googleapis.com/location":"australia-southeast1","cloud.googleapis.com/region":"australia-southeast1"},"metadata":{"@type":"type.googleapis.com/google.firestore.admin.v1.LocationMetadata"},"locationId":"australia-southeast1","displayName":"Sydney"},{"name":"projects/sheetmates/locations/australia-southeast2","labels":{"cloud.googleapis.com/location":"australia-southeast2","cloud.googleapis.com/region":"australia-southeast2"},"metadata":{"@type":"type.googleapis.com/google.firestore.admin.v1.LocationMetadata"},"locationId":"australia-southeast2","displayName":"Melbourne"},{"name":"projects/sheetmates/locations/europe-central2","labels":{"appengine.googleapis.com/region":"europe-central2","cloud.googleapis.com/location":"europe-central2","cloud.googleapis.com/region":"europe-central2"},"metadata":{"@type":"type.googleapis.com/google.firestore.admin.v1.LocationMetadata"},"locationId":"europe-central2","displayName":"Warsaw"},{"name":"projects/sheetmates/locations/europe-north1","labels":{"cloud.googleapis.com/location":"europe-north1","cloud.googleapis.com/region":"europe-north1"},"metadata":{"@type":"type.googleapis.com/google.firestore.admin.v1.LocationMetadata"},"locationId":"europe-north1","displayName":"Finland"},{"name":"projects/sheetmates/locations/europe-north2","labels":{"cloud.googleapis.com/location":"europe-north2","cloud.googleapis.com/region":"europe-north2"},"metadata":{"@type":"type.googleapis.com/google.firestore.admin.v1.LocationMetadata"},"locationId":"europe-north2","displayName":"Stockholm"},{"name":"projects/sheetmates/locations/europe-southwest1","labels":{"cloud.googleapis.com/location":"europe-southwest1","cloud.googleapis.com/region":"europe-southwest1"},"metadata":{"@type":"type.googleapis.com/google.firestore.admin.v1.LocationMetadata"},"locationId":"europe-southwest1","displayName":"Madrid"},{"name":"projects/sheetmates/locations/europe-west1","labels":{"cloud.googleapis.com/location":"europe-west1","cloud.googleapis.com/region":"europe-west1"},"metadata":{"@type":"type.googleapis.com/google.firestore.admin.v1.LocationMetadata"},"locationId":"europe-west1","displayName":"Belgium"},{"name":"projects/sheetmates/locations/europe-west10","labels":{"cloud.googleapis.com/location":"europe-west10","cloud.googleapis.com/region":"europe-west10"},"metadata":{"@type":"type.googleapis.com/google.firestore.admin.v1.LocationMetadata"},"locationId":"europe-west10","displayName":"Berlin"},{"name":"projects/sheetmates/locations/europe-west12","labels":{"cloud.googleapis.com/location":"europe-west12","cloud.googleapis.com/region":"europe-west12"},"metadata":{"@type":"type.googleapis.com/google.firestore.admin.v1.LocationMetadata"},"locationId":"europe-west12","displayName":"Turin"},{"name":"projects/sheetmates/locations/europe-west2","labels":{"appengine.googleapis.com/region":"europe-west2","cloud.googleapis.com/location":"europe-west2","cloud.googleapis.com/region":"europe-west2"},"metadata":{"@type":"type.googleapis.com/google.firestore.admin.v1.LocationMetadata"},"locationId":"europe-west2","displayName":"London"},{"name":"projects/sheetmates/locations/europe-west3","labels":{"appengine.googleapis.com/region":"europe-west3","cloud.googleapis.com/location":"europe-west3","cloud.googleapis.com/region":"europe-west3"},"metadata":{"@type":"type.googleapis.com/google.firestore.admin.v1.LocationMetadata"},"locationId":"europe-west3","displayName":"Frankfurt"},{"name":"projects/sheetmates/locations/europe-west4","labels":{"cloud.googleapis.com/location":"europe-west4","cloud.googleapis.com/region":"europe-west4"},"metadata":{"@type":"type.googleapis.com/google.firestore.admin.v1.LocationMetadata"},"locationId":"europe-west4","displayName":"Netherlands"},{"name":"projects/sheetmates/locations/europe-west6","labels":{"appengine.googleapis.com/region":"europe-west6","cloud.googleapis.com/location":"europe-west6","cloud.googleapis.com/region":"europe-west6"},"metadata":{"@type":"type.googleapis.com/google.firestore.admin.v1.LocationMetadata"},"locationId":"europe-west6","displayName":"Zurich"},{"name":"projects/sheetmates/locations/europe-west8","labels":{"cloud.googleapis.com/location":"europe-west8","cloud.googleapis.com/region":"europe-west8"},"metadata":{"@type":"type.googleapis.com/google.firestore.admin.v1.LocationMetadata"},"locationId":"europe-west8","displayName":"Milan"},{"name":"projects/sheetmates/locations/europe-west9","labels":{"cloud.googleapis.com/location":"europe-west9","cloud.googleapis.com/region":"europe-west9"},"metadata":{"@type":"type.googleapis.com/google.firestore.admin.v1.LocationMetadata"},"locationId":"europe-west9","displayName":"Paris"},{"name":"projects/sheetmates/locations/me-central1","labels":{"cloud.googleapis.com/location":"me-central1","cloud.googleapis.com/region":"me-central1"},"metadata":{"@type":"type.googleapis.com/google.firestore.admin.v1.LocationMetadata"},"locationId":"me-central1","displayName":"Doha"},{"name":"projects/sheetmates/locations/me-central2","labels":{"cloud.googleapis.com/location":"me-central2","cloud.googleapis.com/region":"me-central2"},"metadata":{"@type":"type.googleapis.com/google.firestore.admin.v1.LocationMetadata"},"locationId":"me-central2","displayName":"Dammam"},{"name":"projects/sheetmates/locations/me-west1","labels":{"cloud.googleapis.com/location":"me-west1","cloud.googleapis.com/region":"me-west1"},"metadata":{"@type":"type.googleapis.com/google.firestore.admin.v1.LocationMetadata"},"locationId":"me-west1","displayName":"Tel Aviv"},{"name":"projects/sheetmates/locations/northamerica-northeast1","labels":{"appengine.googleapis.com/region":"northamerica-northeast1","cloud.googleapis.com/location":"northamerica-northeast1","cloud.googleapis.com/region":"northamerica-northeast1"},"metadata":{"@type":"type.googleapis.com/google.firestore.admin.v1.LocationMetadata"},"locationId":"northamerica-northeast1","displayName":"Montréal"},{"name":"projects/sheetmates/locations/northamerica-northeast2","labels":{"cloud.googleapis.com/location":"northamerica-northeast2","cloud.googleapis.com/region":"northamerica-northeast2"},"metadata":{"@type":"type.googleapis.com/google.firestore.admin.v1.LocationMetadata"},"locationId":"northamerica-northeast2","displayName":"Toronto"},{"name":"projects/sheetmates/locations/northamerica-south1","labels":{"cloud.googleapis.com/location":"northamerica-south1","cloud.googleapis.com/region":"northamerica-south1"},"metadata":{"@type":"type.googleapis.com/google.firestore.admin.v1.LocationMetadata"},"locationId":"northamerica-south1","displayName":"Mexico"},{"name":"projects/sheetmates/locations/southamerica-east1","labels":{"appengine.googleapis.com/region":"southamerica-east1","cloud.googleapis.com/location":"southamerica-east1","cloud.googleapis.com/region":"southamerica-east1"},"metadata":{"@type":"type.googleapis.com/google.firestore.admin.v1.LocationMetadata"},"locationId":"southamerica-east1","displayName":"São Paulo"},{"name":"projects/sheetmates/locations/southamerica-west1","labels":{"cloud.googleapis.com/location":"southamerica-west1","cloud.googleapis.com/region":"southamerica-west1"},"metadata":{"@type":"type.googleapis.com/google.firestore.admin.v1.LocationMetadata"},"locationId":"southamerica-west1","displayName":"Santiago"},{"name":"projects/sheetmates/locations/us-central1","labels":{"cloud.googleapis.com/location":"us-central1","cloud.googleapis.com/region":"us-central1"},"metadata":{"@type":"type.googleapis.com/google.firestore.admin.v1.LocationMetadata"},"locationId":"us-central1","displayName":"Iowa"},{"name":"projects/sheetmates/locations/us-east1","labels":{"appengine.googleapis.com/region":"us-east1","cloud.googleapis.com/location":"us-east1","cloud.googleapis.com/region":"us-east1"},"metadata":{"@type":"type.googleapis.com/google.firestore.admin.v1.LocationMetadata"},"locationId":"us-east1","displayName":"South Carolina"},{"name":"projects/sheetmates/locations/us-east4","labels":{"appengine.googleapis.com/region":"us-east4","cloud.googleapis.com/location":"us-east4","cloud.googleapis.com/region":"us-east4"},"metadata":{"@type":"type.googleapis.com/google.firestore.admin.v1.LocationMetadata"},"locationId":"us-east4","displayName":"Northern Virginia"},{"name":"projects/sheetmates/locations/us-east5","labels":{"cloud.googleapis.com/location":"us-east5","cloud.googleapis.com/region":"us-east5"},"metadata":{"@type":"type.googleapis.com/google.firestore.admin.v1.LocationMetadata"},"locationId":"us-east5","displayName":"Columbus"},{"name":"projects/sheetmates/locations/us-south1","labels":{"cloud.googleapis.com/location":"us-south1","cloud.googleapis.com/region":"us-south1"},"metadata":{"@type":"type.googleapis.com/google.firestore.admin.v1.LocationMetadata"},"locationId":"us-south1","displayName":"Dallas"},{"name":"projects/sheetmates/locations/us-west1","labels":{"appengine.googleapis.com/region":"us-west1","cloud.googleapis.com/location":"us-west1","cloud.googleapis.com/region":"us-west1"},"metadata":{"@type":"type.googleapis.com/google.firestore.admin.v1.LocationMetadata"},"locationId":"us-west1","displayName":"Oregon"},{"name":"projects/sheetmates/locations/us-west2","labels":{"appengine.googleapis.com/region":"us-west2","cloud.googleapis.com/location":"us-west2","cloud.googleapis.com/region":"us-west2"},"metadata":{"@type":"type.googleapis.com/google.firestore.admin.v1.LocationMetadata"},"locationId":"us-west2","displayName":"Los Angeles"},{"name":"projects/sheetmates/locations/us-west3","labels":{"appengine.googleapis.com/region":"us-west3","cloud.googleapis.com/location":"us-west3","cloud.googleapis.com/region":"us-west3"},"metadata":{"@type":"type.googleapis.com/google.firestore.admin.v1.LocationMetadata"},"locationId":"us-west3","displayName":"Salt Lake City"},{"name":"projects/sheetmates/locations/us-west4","labels":{"appengine.googleapis.com/region":"us-west4","cloud.googleapis.com/location":"us-west4","cloud.googleapis.com/region":"us-west4"},"metadata":{"@type":"type.googleapis.com/google.firestore.admin.v1.LocationMetadata"},"locationId":"us-west4","displayName":"Las Vegas"}]}
[info] 
[info] Firestore Security Rules allow you to define how and when to allow
[info] requests. You can keep these rules in your project directory
[info] and publish them with firebase deploy.
[info] 
[debug] [2026-02-01T17:58:01.315Z] Checked if tokens are valid: true, expires at: 1769972249277
[debug] [2026-02-01T17:58:01.315Z] Checked if tokens are valid: true, expires at: 1769972249277
[debug] [2026-02-01T17:58:01.316Z] >>> [apiv2][query] GET https://firebaserules.googleapis.com/v1/projects/sheetmates/releases pageSize=10&pageToken=
[debug] [2026-02-01T17:58:02.301Z] <<< [apiv2][status] GET https://firebaserules.googleapis.com/v1/projects/sheetmates/releases 200
[debug] [2026-02-01T17:58:02.301Z] <<< [apiv2][body] GET https://firebaserules.googleapis.com/v1/projects/sheetmates/releases {}
[info] 
[info] Firestore indexes allow you to perform complex queries while
[info] maintaining performance that scales with the size of the result
[info] set. You can keep index definitions in your project directory
[info] and publish them with firebase deploy.
[info] 
[debug] [2026-02-01T17:58:07.022Z] Checked if tokens are valid: true, expires at: 1769972249277
[debug] [2026-02-01T17:58:07.022Z] Checked if tokens are valid: true, expires at: 1769972249277
[debug] [2026-02-01T17:58:07.022Z] Checked if tokens are valid: true, expires at: 1769972249277
[debug] [2026-02-01T17:58:07.022Z] Checked if tokens are valid: true, expires at: 1769972249277
[debug] [2026-02-01T17:58:07.022Z] >>> [apiv2][query] GET https://firestore.googleapis.com/v1/projects/sheetmates/databases/(default)/collectionGroups/-/indexes [none]
[debug] [2026-02-01T17:58:07.023Z] >>> [apiv2][query] GET https://firestore.googleapis.com/v1/projects/sheetmates/databases/(default)/collectionGroups/-/fields?filter=indexConfig.usesAncestorConfig=false OR ttlConfig:* [none]
[debug] [2026-02-01T17:58:07.792Z] <<< [apiv2][status] GET https://firestore.googleapis.com/v1/projects/sheetmates/databases/(default)/collectionGroups/-/indexes 404
[debug] [2026-02-01T17:58:07.793Z] <<< [apiv2][body] GET https://firestore.googleapis.com/v1/projects/sheetmates/databases/(default)/collectionGroups/-/indexes {"error":{"code":404,"message":"Project 'sheetmates' or database '(default)' does not exist.","status":"NOT_FOUND"}}
[debug] [2026-02-01T17:58:07.794Z] <<< [apiv2][status] GET https://firestore.googleapis.com/v1/projects/sheetmates/databases/(default)/collectionGroups/-/fields?filter=indexConfig.usesAncestorConfig=false OR ttlConfig:* 404
[debug] [2026-02-01T17:58:07.794Z] <<< [apiv2][body] GET https://firestore.googleapis.com/v1/projects/sheetmates/databases/(default)/collectionGroups/-/fields?filter=indexConfig.usesAncestorConfig=false OR ttlConfig:* {"error":{"code":404,"message":"Project 'sheetmates' or database '(default)' does not exist.","status":"NOT_FOUND"}}
[info] ✔  Wrote firestore.rules 
[info] ✔  Wrote firestore.indexes.json 
[info] 
=== App Hosting Setup
[debug] [2026-02-01T17:58:10.179Z] Checked if tokens are valid: true, expires at: 1769972249277
[debug] [2026-02-01T17:58:10.179Z] Checked if tokens are valid: true, expires at: 1769972249277
[debug] [2026-02-01T17:58:10.179Z] >>> [apiv2][query] GET https://cloudbilling.googleapis.com/v1/projects/sheetmates/billingInfo [none]
[debug] [2026-02-01T17:58:11.122Z] <<< [apiv2][status] GET https://cloudbilling.googleapis.com/v1/projects/sheetmates/billingInfo 200
[debug] [2026-02-01T17:58:11.122Z] <<< [apiv2][body] GET https://cloudbilling.googleapis.com/v1/projects/sheetmates/billingInfo {"name":"projects/sheetmates/billingInfo","projectId":"sheetmates","billingAccountName":"billingAccounts/015187-70190E-6C806D","billingEnabled":true}
[debug] [2026-02-01T17:58:11.122Z] Checked if tokens are valid: true, expires at: 1769972249277
[debug] [2026-02-01T17:58:11.122Z] Checked if tokens are valid: true, expires at: 1769972249277
[debug] [2026-02-01T17:58:11.122Z] >>> [apiv2][query] GET https://serviceusage.googleapis.com/v1/projects/sheetmates/services/firebaseapphosting.googleapis.com [none]
[debug] [2026-02-01T17:58:11.123Z] >>> [apiv2][(partial)header] GET https://serviceusage.googleapis.com/v1/projects/sheetmates/services/firebaseapphosting.googleapis.com  x-goog-user-project=sheetmates
[debug] [2026-02-01T17:58:12.174Z] <<< [apiv2][status] GET https://serviceusage.googleapis.com/v1/projects/sheetmates/services/firebaseapphosting.googleapis.com 200
[debug] [2026-02-01T17:58:12.174Z] <<< [apiv2][body] GET https://serviceusage.googleapis.com/v1/projects/sheetmates/services/firebaseapphosting.googleapis.com [omitted]
[debug] [2026-02-01T17:58:12.175Z] Checked if tokens are valid: true, expires at: 1769972249277
[debug] [2026-02-01T17:58:12.175Z] Checked if tokens are valid: true, expires at: 1769972249277
[debug] [2026-02-01T17:58:12.175Z] >>> [apiv2][query] POST https://serviceusage.googleapis.com/v1/projects/sheetmates/services/firebaseapphosting.googleapis.com:enable [none]
[debug] [2026-02-01T17:58:12.175Z] >>> [apiv2][(partial)header] POST https://serviceusage.googleapis.com/v1/projects/sheetmates/services/firebaseapphosting.googleapis.com:enable  x-goog-user-project=sheetmates
[debug] [2026-02-01T17:58:13.447Z] <<< [apiv2][status] POST https://serviceusage.googleapis.com/v1/projects/sheetmates/services/firebaseapphosting.googleapis.com:enable 200
[debug] [2026-02-01T17:58:13.447Z] <<< [apiv2][body] POST https://serviceusage.googleapis.com/v1/projects/sheetmates/services/firebaseapphosting.googleapis.com:enable [omitted]
[debug] [2026-02-01T17:58:23.455Z] Checked if tokens are valid: true, expires at: 1769972249277
[debug] [2026-02-01T17:58:23.455Z] Checked if tokens are valid: true, expires at: 1769972249277
[debug] [2026-02-01T17:58:23.455Z] Checked if tokens are valid: true, expires at: 1769972249277
[debug] [2026-02-01T17:58:23.455Z] Checked if tokens are valid: true, expires at: 1769972249277
[debug] [2026-02-01T17:58:23.455Z] Checked if tokens are valid: true, expires at: 1769972249277
[debug] [2026-02-01T17:58:23.455Z] Checked if tokens are valid: true, expires at: 1769972249277
[debug] [2026-02-01T17:58:23.455Z] Checked if tokens are valid: true, expires at: 1769972249277
[debug] [2026-02-01T17:58:23.455Z] Checked if tokens are valid: true, expires at: 1769972249277
[debug] [2026-02-01T17:58:23.455Z] Checked if tokens are valid: true, expires at: 1769972249277
[debug] [2026-02-01T17:58:23.455Z] Checked if tokens are valid: true, expires at: 1769972249277
[debug] [2026-02-01T17:58:23.455Z] Checked if tokens are valid: true, expires at: 1769972249277
[debug] [2026-02-01T17:58:23.455Z] Checked if tokens are valid: true, expires at: 1769972249277
[debug] [2026-02-01T17:58:23.455Z] >>> [apiv2][query] GET https://serviceusage.googleapis.com/v1/projects/sheetmates/services/developerconnect.googleapis.com [none]
[debug] [2026-02-01T17:58:23.455Z] >>> [apiv2][(partial)header] GET https://serviceusage.googleapis.com/v1/projects/sheetmates/services/developerconnect.googleapis.com  x-goog-user-project=sheetmates
[debug] [2026-02-01T17:58:23.456Z] >>> [apiv2][query] GET https://serviceusage.googleapis.com/v1/projects/sheetmates/services/cloudbuild.googleapis.com [none]
[debug] [2026-02-01T17:58:23.456Z] >>> [apiv2][(partial)header] GET https://serviceusage.googleapis.com/v1/projects/sheetmates/services/cloudbuild.googleapis.com  x-goog-user-project=sheetmates
[debug] [2026-02-01T17:58:23.457Z] >>> [apiv2][query] GET https://serviceusage.googleapis.com/v1/projects/sheetmates/services/secretmanager.googleapis.com [none]
[debug] [2026-02-01T17:58:23.457Z] >>> [apiv2][(partial)header] GET https://serviceusage.googleapis.com/v1/projects/sheetmates/services/secretmanager.googleapis.com  x-goog-user-project=sheetmates
[debug] [2026-02-01T17:58:23.458Z] >>> [apiv2][query] GET https://serviceusage.googleapis.com/v1/projects/sheetmates/services/run.googleapis.com [none]
[debug] [2026-02-01T17:58:23.458Z] >>> [apiv2][(partial)header] GET https://serviceusage.googleapis.com/v1/projects/sheetmates/services/run.googleapis.com  x-goog-user-project=sheetmates
[debug] [2026-02-01T17:58:23.459Z] >>> [apiv2][query] GET https://serviceusage.googleapis.com/v1/projects/sheetmates/services/artifactregistry.googleapis.com [none]
[debug] [2026-02-01T17:58:23.459Z] >>> [apiv2][(partial)header] GET https://serviceusage.googleapis.com/v1/projects/sheetmates/services/artifactregistry.googleapis.com  x-goog-user-project=sheetmates
[debug] [2026-02-01T17:58:23.459Z] >>> [apiv2][query] GET https://serviceusage.googleapis.com/v1/projects/sheetmates/services/iam.googleapis.com [none]
[debug] [2026-02-01T17:58:23.460Z] >>> [apiv2][(partial)header] GET https://serviceusage.googleapis.com/v1/projects/sheetmates/services/iam.googleapis.com  x-goog-user-project=sheetmates
[debug] [2026-02-01T17:58:23.886Z] <<< [apiv2][status] GET https://serviceusage.googleapis.com/v1/projects/sheetmates/services/developerconnect.googleapis.com 200
[debug] [2026-02-01T17:58:23.887Z] <<< [apiv2][body] GET https://serviceusage.googleapis.com/v1/projects/sheetmates/services/developerconnect.googleapis.com [omitted]
[debug] [2026-02-01T17:58:23.887Z] Checked if tokens are valid: true, expires at: 1769972249277
[debug] [2026-02-01T17:58:23.887Z] Checked if tokens are valid: true, expires at: 1769972249277
[debug] [2026-02-01T17:58:23.887Z] >>> [apiv2][query] POST https://serviceusage.googleapis.com/v1/projects/sheetmates/services/developerconnect.googleapis.com:enable [none]
[debug] [2026-02-01T17:58:23.887Z] >>> [apiv2][(partial)header] POST https://serviceusage.googleapis.com/v1/projects/sheetmates/services/developerconnect.googleapis.com:enable  x-goog-user-project=sheetmates
[debug] [2026-02-01T17:58:23.902Z] <<< [apiv2][status] GET https://serviceusage.googleapis.com/v1/projects/sheetmates/services/iam.googleapis.com 200
[debug] [2026-02-01T17:58:23.902Z] <<< [apiv2][body] GET https://serviceusage.googleapis.com/v1/projects/sheetmates/services/iam.googleapis.com [omitted]
[debug] [2026-02-01T17:58:23.904Z] <<< [apiv2][status] GET https://serviceusage.googleapis.com/v1/projects/sheetmates/services/artifactregistry.googleapis.com 200
[debug] [2026-02-01T17:58:23.904Z] <<< [apiv2][body] GET https://serviceusage.googleapis.com/v1/projects/sheetmates/services/artifactregistry.googleapis.com [omitted]
[debug] [2026-02-01T17:58:24.682Z] <<< [apiv2][status] GET https://serviceusage.googleapis.com/v1/projects/sheetmates/services/run.googleapis.com 200
[debug] [2026-02-01T17:58:24.683Z] <<< [apiv2][body] GET https://serviceusage.googleapis.com/v1/projects/sheetmates/services/run.googleapis.com [omitted]
[debug] [2026-02-01T17:58:24.685Z] <<< [apiv2][status] GET https://serviceusage.googleapis.com/v1/projects/sheetmates/services/cloudbuild.googleapis.com 200
[debug] [2026-02-01T17:58:24.685Z] <<< [apiv2][body] GET https://serviceusage.googleapis.com/v1/projects/sheetmates/services/cloudbuild.googleapis.com [omitted]
[debug] [2026-02-01T17:58:24.687Z] <<< [apiv2][status] GET https://serviceusage.googleapis.com/v1/projects/sheetmates/services/secretmanager.googleapis.com 200
[debug] [2026-02-01T17:58:24.687Z] <<< [apiv2][body] GET https://serviceusage.googleapis.com/v1/projects/sheetmates/services/secretmanager.googleapis.com [omitted]
[debug] [2026-02-01T17:58:24.941Z] <<< [apiv2][status] POST https://serviceusage.googleapis.com/v1/projects/sheetmates/services/developerconnect.googleapis.com:enable 200
[debug] [2026-02-01T17:58:24.941Z] <<< [apiv2][body] POST https://serviceusage.googleapis.com/v1/projects/sheetmates/services/developerconnect.googleapis.com:enable [omitted]
[debug] [2026-02-01T17:58:34.949Z] Checked if tokens are valid: true, expires at: 1769972249277
[debug] [2026-02-01T17:58:34.949Z] Checked if tokens are valid: true, expires at: 1769972249277
[debug] [2026-02-01T17:58:34.949Z] >>> [apiv2][query] POST https://iam.googleapis.com/v1/projects/sheetmates/serviceAccounts/firebase-app-hosting-compute@sheetmates.iam.gserviceaccount.com:testIamPermissions [none]
[debug] [2026-02-01T17:58:34.949Z] >>> [apiv2][(partial)header] POST https://iam.googleapis.com/v1/projects/sheetmates/serviceAccounts/firebase-app-hosting-compute@sheetmates.iam.gserviceaccount.com:testIamPermissions  x-goog-user-project=sheetmates
[debug] [2026-02-01T17:58:34.949Z] >>> [apiv2][body] POST https://iam.googleapis.com/v1/projects/sheetmates/serviceAccounts/firebase-app-hosting-compute@sheetmates.iam.gserviceaccount.com:testIamPermissions {"permissions":["iam.serviceAccounts.actAs"]}
[debug] [2026-02-01T17:58:36.118Z] <<< [apiv2][status] POST https://iam.googleapis.com/v1/projects/sheetmates/serviceAccounts/firebase-app-hosting-compute@sheetmates.iam.gserviceaccount.com:testIamPermissions 404
[debug] [2026-02-01T17:58:36.118Z] <<< [apiv2][body] POST https://iam.googleapis.com/v1/projects/sheetmates/serviceAccounts/firebase-app-hosting-compute@sheetmates.iam.gserviceaccount.com:testIamPermissions {"error":{"code":404,"message":"Unknown service account","status":"NOT_FOUND"}}
[debug] [2026-02-01T17:58:36.118Z] Checked if tokens are valid: true, expires at: 1769972249277
[debug] [2026-02-01T17:58:36.118Z] Checked if tokens are valid: true, expires at: 1769972249277
[debug] [2026-02-01T17:58:36.118Z] >>> [apiv2][query] POST https://iam.googleapis.com/v1/projects/sheetmates/serviceAccounts [none]
[debug] [2026-02-01T17:58:36.118Z] >>> [apiv2][body] POST https://iam.googleapis.com/v1/projects/sheetmates/serviceAccounts {"accountId":"firebase-app-hosting-compute","serviceAccount":{"displayName":"Firebase App Hosting compute service account","description":"Default service account used to run builds and deploys for Firebase App Hosting"}}
[debug] [2026-02-01T17:58:37.051Z] <<< [apiv2][status] POST https://iam.googleapis.com/v1/projects/sheetmates/serviceAccounts 200
[debug] [2026-02-01T17:58:37.052Z] <<< [apiv2][body] POST https://iam.googleapis.com/v1/projects/sheetmates/serviceAccounts [omitted]
[debug] [2026-02-01T17:58:37.052Z] Checked if tokens are valid: true, expires at: 1769972249277
[debug] [2026-02-01T17:58:37.052Z] Checked if tokens are valid: true, expires at: 1769972249277
[debug] [2026-02-01T17:58:37.052Z] >>> [apiv2][query] POST https://cloudresourcemanager.googleapis.com/v1/projects/sheetmates:getIamPolicy [none]
[debug] [2026-02-01T17:58:38.167Z] <<< [apiv2][status] POST https://cloudresourcemanager.googleapis.com/v1/projects/sheetmates:getIamPolicy 200
[debug] [2026-02-01T17:58:38.167Z] <<< [apiv2][body] POST https://cloudresourcemanager.googleapis.com/v1/projects/sheetmates:getIamPolicy {"version":1,"etag":"BwZJxvOPdjQ=","bindings":[{"role":"roles/cloudbuild.builds.builder","members":["serviceAccount:889704244291@cloudbuild.gserviceaccount.com"]},{"role":"roles/cloudbuild.serviceAgent","members":["serviceAccount:service-889704244291@gcp-sa-cloudbuild.iam.gserviceaccount.com"]},{"role":"roles/containerregistry.ServiceAgent","members":["serviceAccount:service-889704244291@containerregistry.iam.gserviceaccount.com"]},{"role":"roles/editor","members":["serviceAccount:889704244291-compute@developer.gserviceaccount.com"]},{"role":"roles/firebase.managementServiceAgent","members":["serviceAccount:service-889704244291@gcp-sa-firebase.iam.gserviceaccount.com"]},{"role":"roles/firebase.sdkAdminServiceAgent","members":["serviceAccount:firebase-adminsdk-fbsvc@sheetmates.iam.gserviceaccount.com"]},{"role":"roles/firebaseauth.admin","members":["serviceAccount:firebase-adminsdk-fbsvc@sheetmates.iam.gserviceaccount.com"]},{"role":"roles/iam.serviceAccountTokenCreator","members":["serviceAccount:firebase-adminsdk-fbsvc@sheetmates.iam.gserviceaccount.com"]},{"role":"roles/owner","members":["user:osrdevos@gmail.com"]},{"role":"roles/run.serviceAgent","members":["serviceAccount:service-889704244291@serverless-robot-prod.iam.gserviceaccount.com"]}]}
[debug] [2026-02-01T17:58:38.168Z] Checked if tokens are valid: true, expires at: 1769972249277
[debug] [2026-02-01T17:58:38.168Z] Checked if tokens are valid: true, expires at: 1769972249277
[debug] [2026-02-01T17:58:38.168Z] >>> [apiv2][query] POST https://cloudresourcemanager.googleapis.com/v1/projects/sheetmates:setIamPolicy [none]
[debug] [2026-02-01T17:58:38.168Z] >>> [apiv2][body] POST https://cloudresourcemanager.googleapis.com/v1/projects/sheetmates:setIamPolicy {"policy":{"version":1,"etag":"BwZJxvOPdjQ=","bindings":[{"role":"roles/cloudbuild.builds.builder","members":["serviceAccount:889704244291@cloudbuild.gserviceaccount.com"]},{"role":"roles/cloudbuild.serviceAgent","members":["serviceAccount:service-889704244291@gcp-sa-cloudbuild.iam.gserviceaccount.com"]},{"role":"roles/containerregistry.ServiceAgent","members":["serviceAccount:service-889704244291@containerregistry.iam.gserviceaccount.com"]},{"role":"roles/editor","members":["serviceAccount:889704244291-compute@developer.gserviceaccount.com"]},{"role":"roles/firebase.managementServiceAgent","members":["serviceAccount:service-889704244291@gcp-sa-firebase.iam.gserviceaccount.com"]},{"role":"roles/firebase.sdkAdminServiceAgent","members":["serviceAccount:firebase-adminsdk-fbsvc@sheetmates.iam.gserviceaccount.com","serviceAccount:firebase-app-hosting-compute@sheetmates.iam.gserviceaccount.com"]},{"role":"roles/firebaseauth.admin","members":["serviceAccount:firebase-adminsdk-fbsvc@sheetmates.iam.gserviceaccount.com"]},{"role":"roles/iam.serviceAccountTokenCreator","members":["serviceAccount:firebase-adminsdk-fbsvc@sheetmates.iam.gserviceaccount.com"]},{"role":"roles/owner","members":["user:osrdevos@gmail.com"]},{"role":"roles/run.serviceAgent","members":["serviceAccount:service-889704244291@serverless-robot-prod.iam.gserviceaccount.com"]},{"role":"roles/firebaseapphosting.computeRunner","members":["serviceAccount:firebase-app-hosting-compute@sheetmates.iam.gserviceaccount.com"]},{"role":"roles/developerconnect.readTokenAccessor","members":["serviceAccount:firebase-app-hosting-compute@sheetmates.iam.gserviceaccount.com"]},{"role":"roles/storage.objectViewer","members":["serviceAccount:firebase-app-hosting-compute@sheetmates.iam.gserviceaccount.com"]}]},"updateMask":"bindings"}
[debug] [2026-02-01T17:58:39.182Z] <<< [apiv2][status] POST https://cloudresourcemanager.googleapis.com/v1/projects/sheetmates:setIamPolicy 200
[debug] [2026-02-01T17:58:39.182Z] <<< [apiv2][body] POST https://cloudresourcemanager.googleapis.com/v1/projects/sheetmates:setIamPolicy {"version":1,"etag":"BwZJxvTDXmk=","bindings":[{"role":"roles/cloudbuild.builds.builder","members":["serviceAccount:889704244291@cloudbuild.gserviceaccount.com"]},{"role":"roles/cloudbuild.serviceAgent","members":["serviceAccount:service-889704244291@gcp-sa-cloudbuild.iam.gserviceaccount.com"]},{"role":"roles/containerregistry.ServiceAgent","members":["serviceAccount:service-889704244291@containerregistry.iam.gserviceaccount.com"]},{"role":"roles/developerconnect.readTokenAccessor","members":["serviceAccount:firebase-app-hosting-compute@sheetmates.iam.gserviceaccount.com"]},{"role":"roles/editor","members":["serviceAccount:889704244291-compute@developer.gserviceaccount.com"]},{"role":"roles/firebase.managementServiceAgent","members":["serviceAccount:service-889704244291@gcp-sa-firebase.iam.gserviceaccount.com"]},{"role":"roles/firebase.sdkAdminServiceAgent","members":["serviceAccount:firebase-adminsdk-fbsvc@sheetmates.iam.gserviceaccount.com","serviceAccount:firebase-app-hosting-compute@sheetmates.iam.gserviceaccount.com"]},{"role":"roles/firebaseapphosting.computeRunner","members":["serviceAccount:firebase-app-hosting-compute@sheetmates.iam.gserviceaccount.com"]},{"role":"roles/firebaseauth.admin","members":["serviceAccount:firebase-adminsdk-fbsvc@sheetmates.iam.gserviceaccount.com"]},{"role":"roles/iam.serviceAccountTokenCreator","members":["serviceAccount:firebase-adminsdk-fbsvc@sheetmates.iam.gserviceaccount.com"]},{"role":"roles/owner","members":["user:osrdevos@gmail.com"]},{"role":"roles/run.serviceAgent","members":["serviceAccount:service-889704244291@serverless-robot-prod.iam.gserviceaccount.com"]},{"role":"roles/storage.objectViewer","members":["serviceAccount:firebase-app-hosting-compute@sheetmates.iam.gserviceaccount.com"]}]}
[info] i  This command links your local project to Firebase App Hosting. You will be able to deploy your web app with `firebase deploy` after setup. 
